[1228:259:0112/132759.787877:WARNING:chrome_main_delegate.cc(667)] This is Chrome version 120.0.6099.216 (not a warning)
[1228:259:0112/132759.989017:INFO:policy_logger.cc(144)] :components/enterprise/browser/controller/chrome_browser_cloud_management_controller.cc(168) Starting CBCM Controller Initialization
[1228:259:0112/132759.989036:INFO:policy_logger.cc(144)] :components/enterprise/browser/controller/chrome_browser_cloud_management_controller.cc(196) No machine level policy manager exists.
[1228:259:0112/132800.615340:INFO:CONSOLE(6)] "Unchecked runtime.lastError: Could not establish connection. Receiving end does not exist.", source: chrome-extension://difjajjajoeppdgbcbbhbdblblmkcbhp/_generated_background_page.html (6)
[1228:259:0112/132808.199406:INFO:CONSOLE(6)] "Unchecked runtime.lastError: Could not establish connection. Receiving end does not exist.", source: chrome-extension://difjajjajoeppdgbcbbhbdblblmkcbhp/_generated_background_page.html (6)
[1228:259:0112/132813.131259:INFO:CONSOLE(6)] "Unchecked runtime.lastError: Could not establish connection. Receiving end does not exist.", source: chrome-extension://difjajjajoeppdgbcbbhbdblblmkcbhp/_generated_background_page.html (6)
[1228:259:0112/132814.124570:INFO:CONSOLE(0)] "Error in event handler: TypeError: Cannot read properties of undefined (reading 'id')
    at Object.restore (chrome-extension://difjajjajoeppdgbcbbhbdblblmkcbhp/headless-commons.bundle.js:1:1465779)
    at chrome-extension://difjajjajoeppdgbcbbhbdblblmkcbhp/headless-commons.bundle.js:1:1474020", source: chrome-extension://difjajjajoeppdgbcbbhbdblblmkcbhp/_generated_background_page.html (0)
[1228:259:0112/132814.267953:INFO:CONSOLE(0)] "[DOM] Input elements should have autocomplete attributes (suggested: "current-password"): (More info: https://goo.gl/9p2vKq) %o", source: https://accounts.google.com/v3/signin/identifier?color_scheme=dark&flow=promo&ssp=1&continue=https%3A%2F%2Faccounts.google.com%2Fsignin%2Fchrome%2Fsync%2Ffinish%3Fcontinue%3Dhttps%253A%252F%252Faccounts.google.com%252FManageAccount%253Fnc%253D1%26est%3DAJn06tV-CkHnbYFtZ-aFwIVtbOSxbIvShXTa6CBzFMeWwIs-vvAuwS_ZL7XYrVhrcuXypX5rioiibjTr1NyWew4&flowName=GlifDesktopChromeSync&dsh=S1074661378%3A1705094893759690 (0)
[1228:259:0112/132814.272576:INFO:CONSOLE(287)] "%c%s color: red; background: yellow; font-size: 24px; WARNING!", source: https://www.gstatic.com/_/mss/boq-identity/_/js/k=boq-identity.AccountsSignInUi.en_US.nOJ7WSKZu4M.es5.O/am=P8BCUo4FQIz5_5y_Z5weBgAAAAAAAAAAWAPYAQ/d=1/excm=_b,_tp,identifierview/ed=1/dg=0/wt=2/ujg=1/rs=AOaEmlFPh2jLC8t2z1Bx7JKxzEEJRnureA/m=_b,_tp (287)
[1228:259:0112/132814.272603:INFO:CONSOLE(287)] "%c%s font-size: 18px; Using this console may allow attackers to impersonate you and steal your information using an attack called Self-XSS.
Do not enter or paste code that you do not understand.", source: https://www.gstatic.com/_/mss/boq-identity/_/js/k=boq-identity.AccountsSignInUi.en_US.nOJ7WSKZu4M.es5.O/am=P8BCUo4FQIz5_5y_Z5weBgAAAAAAAAAAWAPYAQ/d=1/excm=_b,_tp,identifierview/ed=1/dg=0/wt=2/ujg=1/rs=AOaEmlFPh2jLC8t2z1Bx7JKxzEEJRnureA/m=_b,_tp (287)
[1228:259:0112/132814.503143:ERROR:web_contents_delegate.cc(255)] WebContentsDelegate::CheckMediaAccessPermission: Not supported.
[1228:259:0112/132814.503164:ERROR:web_contents_delegate.cc(255)] WebContentsDelegate::CheckMediaAccessPermission: Not supported.
[1260:259:0112/132814.611581:ERROR:system_services.cc(31)] SetApplicationIsDaemon: Error Domain=NSOSStatusErrorDomain Code=-50 "paramErr: error in user parameter list" (-50)
[1228:259:0112/132818.564790:WARNING:controller_impl.cc(1190)] Background download complete, client: 6, completion type: 0, file size:265059
[1234:259:0112/132819.089545:ERROR:gles2_command_buffer_stub.cc(313)] ContextResult::kFatalFailure: Failed to create context.
[1228:259:0112/132819.632204:WARNING:controller_impl.cc(1190)] Background download complete, client: 6, completion type: 0, file size:5087
[1228:259:0112/132820.172492:WARNING:controller_impl.cc(1190)] Background download complete, client: 6, completion type: 0, file size:883094
[1228:259:0112/132820.580559:WARNING:controller_impl.cc(1190)] Background download complete, client: 6, completion type: 0, file size:45116
[1228:259:0112/132822.151196:WARNING:controller_impl.cc(1190)] Background download complete, client: 6, completion type: 0, file size:2746900
[1228:259:0112/132822.313281:INFO:CONSOLE(0)] "Error in event handler: TypeError: Cannot read properties of undefined (reading 'id')
    at Object.restore (chrome-extension://difjajjajoeppdgbcbbhbdblblmkcbhp/headless-commons.bundle.js:1:1465779)
    at chrome-extension://difjajjajoeppdgbcbbhbdblblmkcbhp/headless-commons.bundle.js:1:1474020", source: chrome-extension://difjajjajoeppdgbcbbhbdblblmkcbhp/_generated_background_page.html (0)
[1228:259:0112/132822.665620:WARNING:controller_impl.cc(1190)] Background download complete, client: 6, completion type: 0, file size:3844
[1228:259:0112/132822.793429:INFO:CONSOLE(0)] "[DOM] Input elements should have autocomplete attributes (suggested: "current-password"): (More info: https://goo.gl/9p2vKq) %o", source: https://accounts.google.com/v3/signin/identifier?color_scheme=dark&continue=https%3A%2F%2Faccounts.google.com%2Fsignin%2Fchrome%2Fsync%2Ffinish%3Fcontinue%3Dhttps%253A%252F%252Faccounts.google.com%252Fsignin%252Fchrome%252Fsync%252Ffinish%253Fcontinue%253Dhttps%25253A%25252F%25252Faccounts.google.com%25252FManageAccount%25253Fnc%25253D1%2526est%253DAJn06tV-CkHnbYFtZ-aFwIVtbOSxbIvShXTa6CBzFMeWwIs-vvAuwS_ZL7XYrVhrcuXypX5rioiibjTr1NyWew4%26est%3DAJn06tU2aGJFUGsQotDZ-P1xY3E4tmfb-QvOksJ7qTHpYbVjbOHjqKmg7emUBYhX5hkh48hc3OybYZwJ-vnFfQ&flow=promo&flowName=GlifDesktopChromeSync&dsh=S1963578990%3A1705094902123562 (0)
[1228:259:0112/132822.797506:INFO:CONSOLE(287)] "%c%s color: red; background: yellow; font-size: 24px; WARNING!", source: https://www.gstatic.com/_/mss/boq-identity/_/js/k=boq-identity.AccountsSignInUi.en_US.nOJ7WSKZu4M.es5.O/am=P8BCUo4FQIz5_5y_Z5weBgAAAAAAAAAAWAPYAQ/d=1/excm=_b,_tp,identifierview/ed=1/dg=0/wt=2/ujg=1/rs=AOaEmlFPh2jLC8t2z1Bx7JKxzEEJRnureA/m=_b,_tp (287)
[1228:259:0112/132822.797537:INFO:CONSOLE(287)] "%c%s font-size: 18px; Using this console may allow attackers to impersonate you and steal your information using an attack called Self-XSS.
Do not enter or paste code that you do not understand.", source: https://www.gstatic.com/_/mss/boq-identity/_/js/k=boq-identity.AccountsSignInUi.en_US.nOJ7WSKZu4M.es5.O/am=P8BCUo4FQIz5_5y_Z5weBgAAAAAAAAAAWAPYAQ/d=1/excm=_b,_tp,identifierview/ed=1/dg=0/wt=2/ujg=1/rs=AOaEmlFPh2jLC8t2z1Bx7JKxzEEJRnureA/m=_b,_tp (287)
[1228:259:0112/132823.811113:WARNING:controller_impl.cc(1190)] Background download complete, client: 6, completion type: 0, file size:33994661
[1235:13827:0112/132824.904712:WARNING:sqlite_persistent_store_backend_base.cc(198)] Failed to post task from FlushAndNotifyInBackground@net/extras/sqlite/sqlite_persistent_store_backend_base.cc:246 to client_task_runner_.
[1235:13827:0112/132824.904929:WARNING:sqlite_persistent_store_backend_base.cc(198)] Failed to post task from FlushAndNotifyInBackground@net/extras/sqlite/sqlite_persistent_store_backend_base.cc:246 to client_task_runner_.
[1228:259:0112/132824.914573:WARNING:pref_notifier_impl.cc(41)] Pref observer for media_router.cast_allow_all_ips found at shutdown.
